[0.707s] Invoking command in '/home/mbuntu/ws_mobile/src/mobile_robot': DEBUGINFOD_URLS=https://debuginfod.ubuntu.com PYTHONPATH=/home/mbuntu/ws_mobile/build/mobile_robot/prefix_override:/usr/lib/python3/dist-packages/colcon_core/task/python/colcon_distutils_commands:/home/mbuntu/ws_mobile/install/mobile_robot/lib/python3.12/site-packages:${PYTHONPATH} /usr/bin/python3 -W ignore:setup.py install is deprecated -W ignore:easy_install command is deprecated setup.py egg_info --egg-base ../../build/mobile_robot build --build-base /home/mbuntu/ws_mobile/build/mobile_robot/build install --record /home/mbuntu/ws_mobile/build/mobile_robot/install.log --install-scripts $base/lib/mobile_robot --single-version-externally-managed install_data
[0.898s] running egg_info
[0.912s] writing ../../build/mobile_robot/mobile_robot.egg-info/PKG-INFO
[0.914s] writing dependency_links to ../../build/mobile_robot/mobile_robot.egg-info/dependency_links.txt
[0.914s] writing requirements to ../../build/mobile_robot/mobile_robot.egg-info/requires.txt
[0.914s] writing top-level names to ../../build/mobile_robot/mobile_robot.egg-info/top_level.txt
[0.943s] reading manifest file '../../build/mobile_robot/mobile_robot.egg-info/SOURCES.txt'
[0.944s] writing manifest file '../../build/mobile_robot/mobile_robot.egg-info/SOURCES.txt'
[0.944s] running build
[0.944s] running build_py
[0.945s] running install
[0.949s] running install_lib
[0.965s] running install_data
[0.966s] copying model/robot.gazebo -> /home/mbuntu/ws_mobile/install/mobile_robot/share/mobile_robot/model
[0.967s] copying parameters/bridge_parameters.yaml -> /home/mbuntu/ws_mobile/install/mobile_robot/share/mobile_robot/parameters
[0.967s] running install_egg_info
[0.981s] removing '/home/mbuntu/ws_mobile/install/mobile_robot/lib/python3.12/site-packages/mobile_robot-0.0.0-py3.12.egg-info' (and everything under it)
[0.981s] Copying ../../build/mobile_robot/mobile_robot.egg-info to /home/mbuntu/ws_mobile/install/mobile_robot/lib/python3.12/site-packages/mobile_robot-0.0.0-py3.12.egg-info
[0.982s] running install_scripts
[1.075s] writing list of installed files to '/home/mbuntu/ws_mobile/build/mobile_robot/install.log'
[1.096s] Invoked command in '/home/mbuntu/ws_mobile/src/mobile_robot' returned '0': DEBUGINFOD_URLS=https://debuginfod.ubuntu.com PYTHONPATH=/home/mbuntu/ws_mobile/build/mobile_robot/prefix_override:/usr/lib/python3/dist-packages/colcon_core/task/python/colcon_distutils_commands:/home/mbuntu/ws_mobile/install/mobile_robot/lib/python3.12/site-packages:${PYTHONPATH} /usr/bin/python3 -W ignore:setup.py install is deprecated -W ignore:easy_install command is deprecated setup.py egg_info --egg-base ../../build/mobile_robot build --build-base /home/mbuntu/ws_mobile/build/mobile_robot/build install --record /home/mbuntu/ws_mobile/build/mobile_robot/install.log --install-scripts $base/lib/mobile_robot --single-version-externally-managed install_data
